<?xml version="1.0" encoding="UTF-8"?>
<!-- Generated by org.testng.reporters.JUnitReportReporter -->
<testsuite hostname="DESKTOP-0QTH8JH" failures="3" tests="15" name="org.example.testRunner.runners" time="80.842" errors="0" timestamp="2022-11-17T21:15:31 EET" skipped="0">
  <testcase classname="org.example.testRunner.runners" name="runScenario" time="6.400"/>
  <system-out/>
  <testcase classname="org.example.testRunner.runners" name="runScenario" time="5.244"/>
  <system-out/>
  <testcase classname="org.example.testRunner.runners" name="runScenario" time="5.134"/>
  <system-out/>
  <testcase classname="org.example.testRunner.runners" name="runScenario" time="3.969">
    <failure message="The following asserts failed:
	expected [true] but found [false]" type="java.lang.AssertionError">
      <![CDATA[java.lang.AssertionError: The following asserts failed:
expected [true] but found [false]
at org.testng.asserts.SoftAssert.assertAll(SoftAssert.java:46)
at org.testng.asserts.SoftAssert.assertAll(SoftAssert.java:30)
at org.example.stepDefs.D07_followUsStepDef.checkRss(D07_followUsStepDef.java:56)
at ✽.open Rss site(file:///C:/Users/Amr%20Mehanna/IdeaProjects/demonopcommerce/src/test/java/Feature/F07_followUs.feature:11)
]]>
    </failure>
  </testcase> <!-- runScenario -->
  <system-out/>
  <testcase classname="org.example.testRunner.runners" name="runScenario" time="4.461"/>
  <system-out/>
  <testcase classname="org.example.testRunner.runners" name="runScenario" time="5.813"/>
  <system-out/>
  <testcase classname="org.example.testRunner.runners" name="runScenario" time="4.175"/>
  <system-out/>
  <testcase classname="org.example.testRunner.runners" name="runScenario" time="5.797"/>
  <system-out/>
  <testcase classname="org.example.testRunner.runners" name="runScenario" time="3.911"/>
  <system-out/>
  <testcase classname="org.example.testRunner.runners" name="runScenario" time="4.907"/>
  <system-out/>
  <testcase classname="org.example.testRunner.runners" name="runScenario" time="5.780"/>
  <system-out/>
  <testcase classname="org.example.testRunner.runners" name="runScenario" time="7.643">
    <failure message="The following asserts failed:
	expected [true] but found [false]" type="java.lang.AssertionError">
      <![CDATA[java.lang.AssertionError: The following asserts failed:
expected [true] but found [false]
at org.testng.asserts.SoftAssert.assertAll(SoftAssert.java:46)
at org.testng.asserts.SoftAssert.assertAll(SoftAssert.java:30)
at org.example.stepDefs.D06_homeSlidersStepDef.selectiphone(D06_homeSlidersStepDef.java:53)
at ✽.usre select second(file:///C:/Users/Amr%20Mehanna/IdeaProjects/demonopcommerce/src/test/java/Feature/F06_homeSliders.feature:7)
]]>
    </failure>
  </testcase> <!-- runScenario -->
  <system-out/>
  <testcase classname="org.example.testRunner.runners" name="runScenario" time="7.465"/>
  <system-out/>
  <testcase classname="org.example.testRunner.runners" name="runScenario" time="6.038"/>
  <system-out/>
  <testcase classname="org.example.testRunner.runners" name="runScenario" time="4.105">
    <failure message="The following asserts failed:
	expected [true] but found [false]" type="java.lang.AssertionError">
      <![CDATA[java.lang.AssertionError: The following asserts failed:
expected [true] but found [false]
at org.testng.asserts.SoftAssert.assertAll(SoftAssert.java:46)
at org.testng.asserts.SoftAssert.assertAll(SoftAssert.java:30)
at org.example.stepDefs.D06_homeSlidersStepDef.selectNokia(D06_homeSlidersStepDef.java:33)
at ✽.usre select first(file:///C:/Users/Amr%20Mehanna/IdeaProjects/demonopcommerce/src/test/java/Feature/F06_homeSliders.feature:4)
]]>
    </failure>
  </testcase> <!-- runScenario -->
  <system-out/>
</testsuite> <!-- org.example.testRunner.runners -->
